#
# There is insufficient memory for the Java Runtime Environment to continue.
# Native memory allocation (malloc) failed to allocate 1048576 bytes for AllocateHeap
# Possible reasons:
#   The system is out of physical RAM or swap space
#   In 32 bit mode, the process size limit was hit
# Possible solutions:
#   Reduce memory load on the system
#   Increase physical memory or swap space
#   Check if swap backing store is full
#   Use 64 bit Java on a 64 bit OS
#   Decrease Java heap size (-Xmx/-Xms)
#   Decrease number of Java threads
#   Decrease Java thread stack sizes (-Xss)
#   Set larger code cache with -XX:ReservedCodeCacheSize=
# This output file may be truncated or incomplete.
#
#  Out of Memory Error (memory/allocation.inline.hpp:61), pid=1192, tid=0x00000000000056c4
#
# JRE version:  (8.0_151-b12) (build )
# Java VM: Java HotSpot(TM) 64-Bit Server VM (25.151-b12 mixed mode windows-amd64 compressed oops)
# Failed to write core dump. Minidumps are not enabled by default on client versions of Windows
#

---------------  T H R E A D  ---------------

Current thread (0x0000000005250800):  JavaThread "Unknown thread" [_thread_in_vm, id=22212, stack(0x0000000005150000,0x0000000005250000)]

Stack: [0x0000000005150000,0x0000000005250000]
[error occurred during error reporting (printing stack bounds), id 0xc0000005]

Native frames: (J=compiled Java code, j=interpreted, Vv=VM code, C=native code)


---------------  P R O C E S S  ---------------

Java Threads: ( => current thread )

Other Threads:

=>0x0000000005250800 (exited) JavaThread "Unknown thread" [_thread_in_vm, id=22212, stack(0x0000000005150000,0x0000000005250000)]

VM state:not at safepoint (normal execution)

VM Mutex/Monitor currently owned by a thread: None

Heap:
 PSYoungGen      total 76288K, used 1310K [0x000000076b180000, 0x0000000770680000, 0x00000007c0000000)
  eden space 65536K, 2% used [0x000000076b180000,0x000000076b2c7af0,0x000000076f180000)
  from space 10752K, 0% used [0x000000076fc00000,0x000000076fc00000,0x0000000770680000)
  to   space 10752K, 0% used [0x000000076f180000,0x000000076f180000,0x000000076fc00000)
 ParOldGen       total 175104K, used 0K [0x00000006c1400000, 0x00000006cbf00000, 0x000000076b180000)
  object space 175104K, 0% used [0x00000006c1400000,0x00000006c1400000,0x00000006cbf00000)
 Metaspace       used 746K, capacity 4480K, committed 4480K, reserved 1056768K
  class space    used 75K, capacity 384K, committed 384K, reserved 1048576K

Card table byte_map: [0x0000000014710000,0x0000000014f10000] byte_map_base: 0x0000000011106000

Marking Bits: (ParMarkBitMap*) 0x000000005244d850
 Begin Bits: [0x0000000015860000, 0x0000000019810000)
 End Bits:   [0x0000000019810000, 0x000000001d7c0000)

Polling page: 0x0000000004ef0000

CodeCache: size=245760Kb used=328Kb max_used=328Kb free=245431Kb
 bounds [0x0000000005350000, 0x00000000055c0000, 0x0000000014350000]
 total_blobs=58 nmethods=0 adapters=38
 compilation: enabled

Compilation events (0 events):
No events

GC Heap History (0 events):
No events

Deoptimization events (0 events):
No events

Internal exceptions (0 events):
No events

Events (10 events):
Event: 0.284 loading class java/lang/Short
Event: 0.284 loading class java/lang/Short done
Event: 0.284 loading class java/lang/Integer
Event: 0.284 loading class java/lang/Integer done
Event: 0.284 loading class java/lang/Long
Event: 0.284 loading class java/lang/Long done
Event: 0.284 loading class java/lang/NullPointerException
Event: 0.284 loading class java/lang/NullPointerException done
Event: 0.284 loading class java/lang/ArithmeticException
Event: 0.284 loading class java/lang/ArithmeticException done


Dynamic libraries:
0x00007ff71dae0000 - 0x00007ff71db17000 	C:\Program Files\Java\jre1.8.0_151\bin\javaw.exe
0x00007ffeccd50000 - 0x00007ffeccf30000 	C:\WINDOWS\SYSTEM32\ntdll.dll
0x00007ffeca700000 - 0x00007ffeca7ae000 	C:\WINDOWS\System32\KERNEL32.DLL
0x00007ffec9270000 - 0x00007ffec94d6000 	C:\WINDOWS\System32\KERNELBASE.dll
0x00007ffeca650000 - 0x00007ffeca6f1000 	C:\WINDOWS\System32\ADVAPI32.dll
0x00007ffeca4e0000 - 0x00007ffeca57d000 	C:\WINDOWS\System32\msvcrt.dll
0x00007ffecc4c0000 - 0x00007ffecc51b000 	C:\WINDOWS\System32\sechost.dll
0x00007ffeca220000 - 0x00007ffeca33f000 	C:\WINDOWS\System32\RPCRT4.dll
0x00007ffeccb30000 - 0x00007ffecccbf000 	C:\WINDOWS\System32\USER32.dll
0x00007ffec9150000 - 0x00007ffec9170000 	C:\WINDOWS\System32\win32u.dll
0x00007ffeca7f0000 - 0x00007ffeca818000 	C:\WINDOWS\System32\GDI32.dll
0x00007ffeca020000 - 0x00007ffeca1b3000 	C:\WINDOWS\System32\gdi32full.dll
0x00007ffec9cb0000 - 0x00007ffec9d4b000 	C:\WINDOWS\System32\msvcp_win.dll
0x00007ffec9d50000 - 0x00007ffec9e46000 	C:\WINDOWS\System32\ucrtbase.dll
0x00007ffebf470000 - 0x00007ffebf6d9000 	C:\WINDOWS\WinSxS\amd64_microsoft.windows.common-controls_6595b64144ccf1df_6.0.16299.192_none_15c8cdae9364c23b\COMCTL32.dll
0x00007ffecc6f0000 - 0x00007ffecc9f8000 	C:\WINDOWS\System32\combase.dll
0x00007ffec94e0000 - 0x00007ffec9552000 	C:\WINDOWS\System32\bcryptPrimitives.dll
0x00007ffeca7c0000 - 0x00007ffeca7ed000 	C:\WINDOWS\System32\IMM32.DLL
0x00000000519c0000 - 0x0000000051a92000 	C:\Program Files\Java\jre1.8.0_151\bin\msvcr100.dll
0x0000000051c30000 - 0x00000000524cd000 	C:\Program Files\Java\jre1.8.0_151\bin\server\jvm.dll
0x00007ffecc330000 - 0x00007ffecc338000 	C:\WINDOWS\System32\PSAPI.DLL
0x00007ffec36e0000 - 0x00007ffec36e9000 	C:\WINDOWS\SYSTEM32\WSOCK32.dll
0x00007ffeafab0000 - 0x00007ffeafad3000 	C:\WINDOWS\SYSTEM32\WINMM.dll
0x00007ffec4310000 - 0x00007ffec431a000 	C:\WINDOWS\SYSTEM32\VERSION.dll
0x00007ffeca5e0000 - 0x00007ffeca64c000 	C:\WINDOWS\System32\WS2_32.dll
0x00007ffeafa80000 - 0x00007ffeafaaa000 	C:\WINDOWS\SYSTEM32\winmmbase.dll
0x00007ffec9170000 - 0x00007ffec91ba000 	C:\WINDOWS\System32\cfgmgr32.dll
0x0000000053420000 - 0x000000005342f000 	C:\Program Files\Java\jre1.8.0_151\bin\verify.dll
0x00000000533f0000 - 0x0000000053419000 	C:\Program Files\Java\jre1.8.0_151\bin\java.dll
0x0000000051b30000 - 0x0000000051b46000 	C:\Program Files\Java\jre1.8.0_151\bin\zip.dll

VM Arguments:
jvm_args: -Dfile.encoding=Cp1252 
java_command: test.view.TestWindow
java_class_path (initial): C:\Users\baptiste\Documents\ESEO\AssoProJava\bin
Launcher Type: SUN_STANDARD

Environment Variables:
PATH=C:/Program Files/Java/jre1.8.0_151/bin/server;C:/Program Files/Java/jre1.8.0_151/bin;C:/Program Files/Java/jre1.8.0_151/lib/amd64;C:\ProgramData\Oracle\Java\javapath;C:\Windows\system32;C:\Windows;C:\Windows\System32\Wbem;C:\Windows\System32\WindowsPowerShell\v1.0\;C:\WINDOWS\system32;C:\WINDOWS;C:\WINDOWS\System32\Wbem;C:\WINDOWS\System32\WindowsPowerShell\v1.0\;C:\Program Files (x86)\Skype\Phone\;C:\Program Files (x86)\Calibre2\;C:\Program Files (x86)\NVIDIA Corporation\PhysX\Common;C:\WINDOWS\system32;C:\WINDOWS;C:\WINDOWS\System32\Wbem;C:\WINDOWS\System32\WindowsPowerShell\v1.0\;C:\Program Files\Git\cmd;C:\Program Files\PuTTY\;C:\Users\baptiste\AppData\Local\Microsoft\WindowsApps;C:\Users\baptiste\AppData\Local\atom\bin;C:\Program Files\Microsoft VS Code\bin;C:\Users\baptiste\AppData\Local\Microsoft\WindowsApps;;C:\WINDOWS\System32;
USERNAME=baptiste
OS=Windows_NT
PROCESSOR_IDENTIFIER=Intel64 Family 6 Model 94 Stepping 3, GenuineIntel



---------------  S Y S T E M  ---------------

OS: Windows 10.0 , 64 bit Build 16299 (10.0.16299.15)

CPU:total 4 (initial active 4) (4 cores per cpu, 1 threads per core) family 6 model 94 stepping 3, cmov, cx8, fxsr, mmx, sse, sse2, sse3, ssse3, sse4.1, sse4.2, popcnt, avx, avx2, aes, clmul, erms, rtm, 3dnowpref, lzcnt, tsc, tscinvbit, bmi1, bmi2, adx

Memory: 4k page, physical 16695132k(8114092k free), swap 31222488k(5968k free)

vm_info: Java HotSpot(TM) 64-Bit Server VM (25.151-b12) for windows-amd64 JRE (1.8.0_151-b12), built on Sep  5 2017 19:33:46 by "java_re" with MS VC++ 10.0 (VS2010)

time: Wed Jan 17 13:09:57 2018
elapsed time: 0 seconds (0d 0h 0m 0s)

